{"name": "Появление номера заказа в «В процессе»", "status": "failed", "statusDetails": {"message": "AssertionError: assert '0170607' in ['0170606']", "trace": "self = <tests.tests_order_feed_page.TestOrderFeedPage object at 0x1054ee4e0>, login_user = None, switch_page = <pages.switch_page.SwitchPage object at 0x1056c48d0>\nmain_page = <pages.main_page.MainPage object at 0x1056c45a0>, order_feed_page = <pages.order_feed_page.OrderFeedPage object at 0x105622850>\n\n    @allure.title('Появление номера заказа в «В процессе»')\n    @allure.description('Проверка отображения номера заказа в «В процессе» после оформления заказа')\n    def test_order_number_in_progress(self, login_user, switch_page, main_page, order_feed_page):\n        new_order_number = MainPage.add_order(main_page, login_user)\n        switch_page.click_orders_feed_button()\n        order_feed_page.wait_load_page()\n        orders_in_progress = order_feed_page.get_orders_number_in_progress()\n    \n        with allure.step(f'Проверяем наличие номер нового заказа - {new_order_number} в «В процессе»'):\n>           assert new_order_number in orders_in_progress\nE           AssertionError: assert '0170607' in ['0170606']\n\ntests/tests_order_feed_page.py:62: AssertionError"}, "description": "Проверка отображения номера заказа в «В процессе» после оформления заказа", "steps": [{"name": "Создаем заказ и получаем его номер", "status": "passed", "steps": [{"name": "Добавляем ингредиент в заказ", "status": "passed", "parameters": [{"name": "index", "value": "0"}], "start": 1737138151252, "stop": 1737138151847}, {"name": "Добавляем ингредиент в заказ", "status": "passed", "parameters": [{"name": "index", "value": "3"}], "start": 1737138151847, "stop": 1737138151902}, {"name": "Кликаем на кнопку оформления заказа", "status": "passed", "start": 1737138151902, "stop": 1737138151943}, {"name": "Получаем номер заказа из окна подтверждения заказа", "status": "passed", "start": 1737138154553, "stop": 1737138154571}, {"name": "Закрываем всплывающее окно", "status": "passed", "start": 1737138154571, "stop": 1737138154616}], "parameters": [{"name": "login_user", "value": "None"}], "start": 1737138151252, "stop": 1737138154616}, {"name": "Кликаем на кнопку «Лента Заказов»", "status": "passed", "start": 1737138154617, "stop": 1737138154843}, {"name": "Дожидаемся загрузки страницы", "status": "passed", "start": 1737138154843, "stop": 1737138155373}, {"name": "Получаем список заказов в работе", "status": "passed", "start": 1737138155373, "stop": 1737138155912}, {"name": "Проверяем наличие номер нового заказа - 0170607 в «В процессе»", "status": "failed", "statusDetails": {"message": "AssertionError: assert '0170607' in ['0170606']\n", "trace": "  File \"/Users/buzovao/Desktop/Diplom/Diplom_3/tests/tests_order_feed_page.py\", line 62, in test_order_number_in_progress\n    assert new_order_number in orders_in_progress\n"}, "start": 1737138155913, "stop": 1737138155913}], "parameters": [{"name": "driver", "value": "'Chrome'"}], "start": 1737138151252, "stop": 1737138155914, "uuid": "262e699b-8134-4a51-b17b-e877a25dfbc5", "historyId": "8abfd9109c2abd448e64f04f70445aeb", "testCaseId": "027b4012e2b5d95ec93d94c18a41dc9f", "fullName": "tests.tests_order_feed_page.TestOrderFeedPage#test_order_number_in_progress", "labels": [{"name": "parentSuite", "value": "tests"}, {"name": "suite", "value": "tests_order_feed_page"}, {"name": "subSuite", "value": "TestOrderFeedPage"}, {"name": "host", "value": "MacBook-Pro.local"}, {"name": "thread", "value": "70835-MainThread"}, {"name": "framework", "value": "pytest"}, {"name": "language", "value": "cpython3"}, {"name": "package", "value": "tests.tests_order_feed_page"}]}