{"name": "Появление номера заказа в «В процессе»", "status": "failed", "statusDetails": {"message": "AssertionError: assert '0170569' in ['0170568']", "trace": "self = <tests.tests_order_feed_page.TestOrderFeedPage object at 0x106b47150>, login_user = None, switch_page = <pages.switch_page.SwitchPage object at 0x106c27e30>\nmain_page = <pages.main_page.MainPage object at 0x106d2e8b0>, order_feed_page = <pages.order_feed_page.OrderFeedPage object at 0x106d2e9c0>\n\n    @allure.title('Появление номера заказа в «В процессе»')\n    @allure.description('Проверка отображения номера заказа в «В процессе» после оформления заказа')\n    def test_order_number_in_progress(self, login_user, switch_page, main_page, order_feed_page):\n        new_order_number = MainPage.add_order(main_page, login_user)\n        switch_page.click_orders_feed_button()\n        orders_in_progress = order_feed_page.get_orders_number_in_progress()\n    \n        with allure.step(f'Проверяем наличие номер нового заказа - {new_order_number} в «В процессе»'):\n>           assert new_order_number in orders_in_progress\nE           AssertionError: assert '0170569' in ['0170568']\n\ntests/tests_order_feed_page.py:61: AssertionError"}, "description": "Проверка отображения номера заказа в «В процессе» после оформления заказа", "steps": [{"name": "Создаем заказ и получаем его номер", "status": "passed", "steps": [{"name": "Добавляем ингредиент в заказ", "status": "passed", "parameters": [{"name": "index", "value": "0"}], "start": 1737137325292, "stop": 1737137325357}, {"name": "Добавляем ингредиент в заказ", "status": "passed", "parameters": [{"name": "index", "value": "3"}], "start": 1737137325357, "stop": 1737137325417}, {"name": "Кликаем на кнопку оформления заказа", "status": "passed", "start": 1737137325417, "stop": 1737137325637}, {"name": "Получаем номер заказа из окна подтверждения заказа", "status": "passed", "start": 1737137327693, "stop": 1737137327699}, {"name": "Закрываем всплывающее окно", "status": "passed", "start": 1737137327699, "stop": 1737137327919}], "parameters": [{"name": "login_user", "value": "None"}], "start": 1737137325292, "stop": 1737137327919}, {"name": "Кликаем на кнопку «Лента Заказов»", "status": "passed", "start": 1737137327919, "stop": 1737137328140}, {"name": "Получаем список заказов в работе", "status": "passed", "start": 1737137328140, "stop": 1737137331199}, {"name": "Проверяем наличие номер нового заказа - 0170569 в «В процессе»", "status": "failed", "statusDetails": {"message": "AssertionError: assert '0170569' in ['0170568']\n", "trace": "  File \"/Users/buzovao/Desktop/Diplom/Diplom_3/tests/tests_order_feed_page.py\", line 61, in test_order_number_in_progress\n    assert new_order_number in orders_in_progress\n"}, "start": 1737137331199, "stop": 1737137331199}], "parameters": [{"name": "driver", "value": "'Firefox'"}], "start": 1737137325292, "stop": 1737137331200, "uuid": "eb34413b-a510-4d5b-b8d5-500338691c59", "historyId": "a5ebe16f2a68d25511c8223b927a40e3", "testCaseId": "027b4012e2b5d95ec93d94c18a41dc9f", "fullName": "tests.tests_order_feed_page.TestOrderFeedPage#test_order_number_in_progress", "labels": [{"name": "parentSuite", "value": "tests"}, {"name": "suite", "value": "tests_order_feed_page"}, {"name": "subSuite", "value": "TestOrderFeedPage"}, {"name": "host", "value": "MacBook-Pro.local"}, {"name": "thread", "value": "69732-MainThread"}, {"name": "framework", "value": "pytest"}, {"name": "language", "value": "cpython3"}, {"name": "package", "value": "tests.tests_order_feed_page"}]}